<?xml version="1.0" encoding="UTF-8"?>
<!-- Generated by org.testng.reporters.JUnitXMLReporter -->
<testsuite ignored="0" hostname="Abhishek" failures="1" tests="2" name="Test" time="27.833" errors="0" timestamp="2024-12-08T22:35:07 IST">
  <testcase classname="testCases.TC_001_AccountRegistration" name="accountRegistion" time="2.445"/>
  <testcase classname="testCases.TC_002_LoginTest" name="verifylogin" time="11.326">
    <failure type="java.lang.AssertionError" message="expected [true] but found [false]">
      <![CDATA[java.lang.AssertionError: expected [true] but found [false]
at testCases.TC_002_LoginTest.verifylogin(TC_002_LoginTest.java:35)
at java.base/java.util.ArrayList.forEach(ArrayList.java:1511)
... Removed 34 stack frames]]>
    </failure>
  </testcase> <!-- verifylogin -->
</testsuite> <!-- Test -->
