<?xml version="1.0" encoding="UTF-8"?>
<testng-results ignored="0" total="4" passed="4" failed="0" skipped="0">
  <reporter-output>
  </reporter-output>
  <suite started-at="2025-01-11T12:38:51 IST" name="Suite" finished-at="2025-01-11T12:39:03 IST" duration-ms="12033">
    <groups>
      <group name="reg">
        <method signature="TC_001_AccountRegistration.accountRegistion()[pri:0, instance:testCases.TC_001_AccountRegistration@424ebba3]" name="accountRegistion" class="testCases.TC_001_AccountRegistration"/>
      </group> <!-- reg -->
      <group name="sanity">
        <method signature="TC_002_LoginTest.verifylogin()[pri:0, instance:testCases.TC_002_LoginTest@3724af13]" name="verifylogin" class="testCases.TC_002_LoginTest"/>
      </group> <!-- sanity -->
      <group name="master">
        <method signature="TC_001_AccountRegistration.accountRegistion()[pri:0, instance:testCases.TC_001_AccountRegistration@424ebba3]" name="accountRegistion" class="testCases.TC_001_AccountRegistration"/>
        <method signature="TC_002_LoginTest.verifylogin()[pri:0, instance:testCases.TC_002_LoginTest@3724af13]" name="verifylogin" class="testCases.TC_002_LoginTest"/>
      </group> <!-- master -->
    </groups>
    <test started-at="2025-01-11T12:38:51 IST" name="ChromeTest" finished-at="2025-01-11T12:39:03 IST" duration-ms="12033">
      <class name="testCases.TC_002_LoginTest">
        <test-method is-config="true" signature="setUp(java.lang.String,java.lang.String)[pri:0, instance:testCases.TC_002_LoginTest@3724af13]" started-at="2025-01-11T12:38:51 IST" name="setUp" finished-at="2025-01-11T12:38:55 IST" duration-ms="4297" status="PASS">
          <params>
            <param index="0">
              <value>
                <![CDATA[Windows]]>
              </value>
            </param>
            <param index="1">
              <value>
                <![CDATA[chrome]]>
              </value>
            </param>
          </params>
          <reporter-output>
          </reporter-output>
        </test-method> <!-- setUp -->
        <test-method signature="verifylogin()[pri:0, instance:testCases.TC_002_LoginTest@3724af13]" started-at="2025-01-11T12:38:55 IST" name="verifylogin" finished-at="2025-01-11T12:38:57 IST" duration-ms="1713" status="PASS">
          <reporter-output>
          </reporter-output>
        </test-method> <!-- verifylogin -->
        <test-method is-config="true" signature="tearDown()[pri:0, instance:testCases.TC_002_LoginTest@3724af13]" started-at="2025-01-11T12:38:57 IST" name="tearDown" finished-at="2025-01-11T12:38:57 IST" duration-ms="286" status="PASS">
          <reporter-output>
          </reporter-output>
        </test-method> <!-- tearDown -->
      </class> <!-- testCases.TC_002_LoginTest -->
      <class name="testCases.TC_001_AccountRegistration">
        <test-method is-config="true" signature="setUp(java.lang.String,java.lang.String)[pri:0, instance:testCases.TC_001_AccountRegistration@424ebba3]" started-at="2025-01-11T12:38:57 IST" name="setUp" finished-at="2025-01-11T12:38:59 IST" duration-ms="2211" status="PASS">
          <params>
            <param index="0">
              <value>
                <![CDATA[Windows]]>
              </value>
            </param>
            <param index="1">
              <value>
                <![CDATA[chrome]]>
              </value>
            </param>
          </params>
          <reporter-output>
          </reporter-output>
        </test-method> <!-- setUp -->
        <test-method signature="accountRegistion()[pri:0, instance:testCases.TC_001_AccountRegistration@424ebba3]" started-at="2025-01-11T12:38:59 IST" name="accountRegistion" finished-at="2025-01-11T12:39:02 IST" duration-ms="2960" status="PASS">
          <reporter-output>
          </reporter-output>
        </test-method> <!-- accountRegistion -->
        <test-method is-config="true" signature="tearDown()[pri:0, instance:testCases.TC_001_AccountRegistration@424ebba3]" started-at="2025-01-11T12:39:02 IST" name="tearDown" finished-at="2025-01-11T12:39:03 IST" duration-ms="305" status="PASS">
          <reporter-output>
          </reporter-output>
        </test-method> <!-- tearDown -->
      </class> <!-- testCases.TC_001_AccountRegistration -->
    </test> <!-- ChromeTest -->
  </suite> <!-- Suite -->
  <suite started-at="2025-01-11T12:39:03 IST" name="Suite (0)" finished-at="2025-01-11T12:39:14 IST" duration-ms="10391">
    <groups>
      <group name="reg">
        <method signature="TC_001_AccountRegistration.accountRegistion()[pri:0, instance:testCases.TC_001_AccountRegistration@2a5b3fee]" name="accountRegistion" class="testCases.TC_001_AccountRegistration"/>
      </group> <!-- reg -->
      <group name="sanity">
        <method signature="TC_002_LoginTest.verifylogin()[pri:0, instance:testCases.TC_002_LoginTest@7c1e2a2d]" name="verifylogin" class="testCases.TC_002_LoginTest"/>
      </group> <!-- sanity -->
      <group name="master">
        <method signature="TC_001_AccountRegistration.accountRegistion()[pri:0, instance:testCases.TC_001_AccountRegistration@2a5b3fee]" name="accountRegistion" class="testCases.TC_001_AccountRegistration"/>
        <method signature="TC_002_LoginTest.verifylogin()[pri:0, instance:testCases.TC_002_LoginTest@7c1e2a2d]" name="verifylogin" class="testCases.TC_002_LoginTest"/>
      </group> <!-- master -->
    </groups>
    <test started-at="2025-01-11T12:39:03 IST" name="Test" finished-at="2025-01-11T12:39:14 IST" duration-ms="10391">
      <class name="testCases.TC_002_LoginTest">
        <test-method is-config="true" signature="setUp(java.lang.String,java.lang.String)[pri:0, instance:testCases.TC_002_LoginTest@7c1e2a2d]" started-at="2025-01-11T12:39:09 IST" name="setUp" finished-at="2025-01-11T12:39:12 IST" duration-ms="2647" status="PASS">
          <params>
            <param index="0">
              <value>
                <![CDATA[Windows]]>
              </value>
            </param>
            <param index="1">
              <value>
                <![CDATA[chrome]]>
              </value>
            </param>
          </params>
          <reporter-output>
          </reporter-output>
        </test-method> <!-- setUp -->
        <test-method signature="verifylogin()[pri:0, instance:testCases.TC_002_LoginTest@7c1e2a2d]" started-at="2025-01-11T12:39:12 IST" name="verifylogin" finished-at="2025-01-11T12:39:14 IST" duration-ms="1770" status="PASS">
          <reporter-output>
          </reporter-output>
        </test-method> <!-- verifylogin -->
        <test-method is-config="true" signature="tearDown()[pri:0, instance:testCases.TC_002_LoginTest@7c1e2a2d]" started-at="2025-01-11T12:39:14 IST" name="tearDown" finished-at="2025-01-11T12:39:14 IST" duration-ms="248" status="PASS">
          <reporter-output>
          </reporter-output>
        </test-method> <!-- tearDown -->
      </class> <!-- testCases.TC_002_LoginTest -->
      <class name="testCases.TC_001_AccountRegistration">
        <test-method is-config="true" signature="setUp(java.lang.String,java.lang.String)[pri:0, instance:testCases.TC_001_AccountRegistration@2a5b3fee]" started-at="2025-01-11T12:39:03 IST" name="setUp" finished-at="2025-01-11T12:39:06 IST" duration-ms="2861" status="PASS">
          <params>
            <param index="0">
              <value>
                <![CDATA[Windows]]>
              </value>
            </param>
            <param index="1">
              <value>
                <![CDATA[chrome]]>
              </value>
            </param>
          </params>
          <reporter-output>
          </reporter-output>
        </test-method> <!-- setUp -->
        <test-method signature="accountRegistion()[pri:0, instance:testCases.TC_001_AccountRegistration@2a5b3fee]" started-at="2025-01-11T12:39:06 IST" name="accountRegistion" finished-at="2025-01-11T12:39:09 IST" duration-ms="2624" status="PASS">
          <reporter-output>
          </reporter-output>
        </test-method> <!-- accountRegistion -->
        <test-method is-config="true" signature="tearDown()[pri:0, instance:testCases.TC_001_AccountRegistration@2a5b3fee]" started-at="2025-01-11T12:39:09 IST" name="tearDown" finished-at="2025-01-11T12:39:09 IST" duration-ms="237" status="PASS">
          <reporter-output>
          </reporter-output>
        </test-method> <!-- tearDown -->
      </class> <!-- testCases.TC_001_AccountRegistration -->
    </test> <!-- Test -->
  </suite> <!-- Suite (0) -->
</testng-results>
