<?xml version="1.0" encoding="UTF-8"?>
<testng-results ignored="0" total="4" passed="4" failed="0" skipped="0">
  <reporter-output>
  </reporter-output>
  <suite started-at="2025-01-11T11:12:59 IST" name="Suite" finished-at="2025-01-11T11:13:38 IST" duration-ms="38352">
    <groups>
      <group name="reg">
        <method signature="TC_001_AccountRegistration.accountRegistion()[pri:0, instance:testCases.TC_001_AccountRegistration@71e5f61d]" name="accountRegistion" class="testCases.TC_001_AccountRegistration"/>
        <method signature="TC_001_AccountRegistration.accountRegistion()[pri:0, instance:testCases.TC_001_AccountRegistration@362a019c]" name="accountRegistion" class="testCases.TC_001_AccountRegistration"/>
      </group> <!-- reg -->
      <group name="sanity">
        <method signature="TC_002_LoginTest.verifylogin()[pri:0, instance:testCases.TC_002_LoginTest@4204541c]" name="verifylogin" class="testCases.TC_002_LoginTest"/>
        <method signature="TC_002_LoginTest.verifylogin()[pri:0, instance:testCases.TC_002_LoginTest@1d9bec4d]" name="verifylogin" class="testCases.TC_002_LoginTest"/>
      </group> <!-- sanity -->
      <group name="master">
        <method signature="TC_001_AccountRegistration.accountRegistion()[pri:0, instance:testCases.TC_001_AccountRegistration@71e5f61d]" name="accountRegistion" class="testCases.TC_001_AccountRegistration"/>
        <method signature="TC_002_LoginTest.verifylogin()[pri:0, instance:testCases.TC_002_LoginTest@4204541c]" name="verifylogin" class="testCases.TC_002_LoginTest"/>
        <method signature="TC_001_AccountRegistration.accountRegistion()[pri:0, instance:testCases.TC_001_AccountRegistration@362a019c]" name="accountRegistion" class="testCases.TC_001_AccountRegistration"/>
        <method signature="TC_002_LoginTest.verifylogin()[pri:0, instance:testCases.TC_002_LoginTest@1d9bec4d]" name="verifylogin" class="testCases.TC_002_LoginTest"/>
      </group> <!-- master -->
    </groups>
    <test started-at="2025-01-11T11:12:59 IST" name="ChromeTest" finished-at="2025-01-11T11:13:15 IST" duration-ms="15181">
      <class name="testCases.TC_002_LoginTest">
        <test-method is-config="true" signature="setUp(java.lang.String,java.lang.String)[pri:0, instance:testCases.TC_002_LoginTest@4204541c]" started-at="2025-01-11T11:13:09 IST" name="setUp" finished-at="2025-01-11T11:13:12 IST" duration-ms="3386" status="PASS">
          <params>
            <param index="0">
              <value>
                <![CDATA[Linux]]>
              </value>
            </param>
            <param index="1">
              <value>
                <![CDATA[chrome]]>
              </value>
            </param>
          </params>
          <reporter-output>
          </reporter-output>
        </test-method> <!-- setUp -->
        <test-method signature="verifylogin()[pri:0, instance:testCases.TC_002_LoginTest@4204541c]" started-at="2025-01-11T11:13:12 IST" name="verifylogin" finished-at="2025-01-11T11:13:14 IST" duration-ms="2085" status="PASS">
          <reporter-output>
          </reporter-output>
        </test-method> <!-- verifylogin -->
        <test-method is-config="true" signature="tearDown()[pri:0, instance:testCases.TC_002_LoginTest@4204541c]" started-at="2025-01-11T11:13:14 IST" name="tearDown" finished-at="2025-01-11T11:13:15 IST" duration-ms="103" status="PASS">
          <reporter-output>
          </reporter-output>
        </test-method> <!-- tearDown -->
      </class> <!-- testCases.TC_002_LoginTest -->
      <class name="testCases.TC_001_AccountRegistration">
        <test-method is-config="true" signature="setUp(java.lang.String,java.lang.String)[pri:0, instance:testCases.TC_001_AccountRegistration@71e5f61d]" started-at="2025-01-11T11:13:00 IST" name="setUp" finished-at="2025-01-11T11:13:06 IST" duration-ms="5940" status="PASS">
          <params>
            <param index="0">
              <value>
                <![CDATA[Linux]]>
              </value>
            </param>
            <param index="1">
              <value>
                <![CDATA[chrome]]>
              </value>
            </param>
          </params>
          <reporter-output>
          </reporter-output>
        </test-method> <!-- setUp -->
        <test-method signature="accountRegistion()[pri:0, instance:testCases.TC_001_AccountRegistration@71e5f61d]" started-at="2025-01-11T11:13:06 IST" name="accountRegistion" finished-at="2025-01-11T11:13:09 IST" duration-ms="3170" status="PASS">
          <reporter-output>
          </reporter-output>
        </test-method> <!-- accountRegistion -->
        <test-method is-config="true" signature="tearDown()[pri:0, instance:testCases.TC_001_AccountRegistration@71e5f61d]" started-at="2025-01-11T11:13:09 IST" name="tearDown" finished-at="2025-01-11T11:13:09 IST" duration-ms="157" status="PASS">
          <reporter-output>
          </reporter-output>
        </test-method> <!-- tearDown -->
      </class> <!-- testCases.TC_001_AccountRegistration -->
    </test> <!-- ChromeTest -->
    <test started-at="2025-01-11T11:13:16 IST" name="FirefoxTest" finished-at="2025-01-11T11:13:38 IST" duration-ms="21962">
      <class name="testCases.TC_002_LoginTest">
        <test-method is-config="true" signature="setUp(java.lang.String,java.lang.String)[pri:0, instance:testCases.TC_002_LoginTest@1d9bec4d]" started-at="2025-01-11T11:13:29 IST" name="setUp" finished-at="2025-01-11T11:13:35 IST" duration-ms="6369" status="PASS">
          <params>
            <param index="0">
              <value>
                <![CDATA[Linux]]>
              </value>
            </param>
            <param index="1">
              <value>
                <![CDATA[firefox]]>
              </value>
            </param>
          </params>
          <reporter-output>
          </reporter-output>
        </test-method> <!-- setUp -->
        <test-method signature="verifylogin()[pri:0, instance:testCases.TC_002_LoginTest@1d9bec4d]" started-at="2025-01-11T11:13:35 IST" name="verifylogin" finished-at="2025-01-11T11:13:37 IST" duration-ms="1782" status="PASS">
          <reporter-output>
          </reporter-output>
        </test-method> <!-- verifylogin -->
        <test-method is-config="true" signature="tearDown()[pri:0, instance:testCases.TC_002_LoginTest@1d9bec4d]" started-at="2025-01-11T11:13:37 IST" name="tearDown" finished-at="2025-01-11T11:13:38 IST" duration-ms="1045" status="PASS">
          <reporter-output>
          </reporter-output>
        </test-method> <!-- tearDown -->
      </class> <!-- testCases.TC_002_LoginTest -->
      <class name="testCases.TC_001_AccountRegistration">
        <test-method is-config="true" signature="setUp(java.lang.String,java.lang.String)[pri:0, instance:testCases.TC_001_AccountRegistration@362a019c]" started-at="2025-01-11T11:13:16 IST" name="setUp" finished-at="2025-01-11T11:13:25 IST" duration-ms="8847" status="PASS">
          <params>
            <param index="0">
              <value>
                <![CDATA[Linux]]>
              </value>
            </param>
            <param index="1">
              <value>
                <![CDATA[firefox]]>
              </value>
            </param>
          </params>
          <reporter-output>
          </reporter-output>
        </test-method> <!-- setUp -->
        <test-method signature="accountRegistion()[pri:0, instance:testCases.TC_001_AccountRegistration@362a019c]" started-at="2025-01-11T11:13:25 IST" name="accountRegistion" finished-at="2025-01-11T11:13:27 IST" duration-ms="2754" status="PASS">
          <reporter-output>
          </reporter-output>
        </test-method> <!-- accountRegistion -->
        <test-method is-config="true" signature="tearDown()[pri:0, instance:testCases.TC_001_AccountRegistration@362a019c]" started-at="2025-01-11T11:13:27 IST" name="tearDown" finished-at="2025-01-11T11:13:29 IST" duration-ms="1156" status="PASS">
          <reporter-output>
          </reporter-output>
        </test-method> <!-- tearDown -->
      </class> <!-- testCases.TC_001_AccountRegistration -->
    </test> <!-- FirefoxTest -->
  </suite> <!-- Suite -->
</testng-results>
